# JRE version: OpenJDK Runtime Environment Temurin-21.0.12.1+1 (21.0.12.1+1) (build 21.0.12.1+1-LTS)
# Java VM: OpenJDK 64-Bit Server VM Temurin-21.0.12.1+1 (21.0.12.1+1-LTS, mixed mode, sharing, tiered, compressed oops, compressed class ptrs, parallel gc, windows-amd64)
GC Precious Log:
 CardTable entry size: 512
 CPUs: 8 total, 8 available
 Memory: 7916M
 Large Page Support: Disabled
 NUMA Support: Disabled
 Compressed Oops: Enabled (Zero based)
 Alignments: Space 512K, Generation 512K, Heap 2M
 Heap Min Capacity: 100M
 Heap Initial Capacity: 100M
 Heap Max Capacity: 4G
 Pre-touch: Disabled
 Parallel Workers: 8
Heap:
 PSYoungGen      total 9728K, used 7680K [0x00000007aab00000, 0x00000007ab580000, 0x0000000800000000)
  eden space 9216K, 81% used [0x00000007aab00000,0x00000007ab2602e0,0x00000007ab400000)
  from space 512K, 25% used [0x00000007ab480000,0x00000007ab4a0000,0x00000007ab500000)
  to   space 512K, 0% used [0x00000007ab500000,0x00000007ab500000,0x00000007ab580000)
 ParOldGen       total 927744K, used 927360K [0x0000000700000000, 0x0000000738a00000, 0x00000007aab00000)
  object space 927744K, 99% used [0x0000000700000000,0x00000007389a0388,0x0000000738a00000)
 Metaspace       used 97149K, committed 98944K, reserved 1179648K
  class space    used 9814K, committed 10688K, reserved 1048576K
GC Heap History (20 events):
Event: 177439.674 GC heap before
{Heap before GC invocations=4651 (full 6):
 PSYoungGen      total 9728K, used 9471K [0x00000007aab00000, 0x00000007ab580000, 0x0000000800000000)
  eden space 9216K, 99% used [0x00000007aab00000,0x00000007ab3ffe08,0x00000007ab400000)
  from space 512K, 50% used [0x00000007ab480000,0x00000007ab4c0000,0x00000007ab500000)
  to   space 512K, 0% used [0x00000007ab500000,0x00000007ab500000,0x00000007ab580000)
 ParOldGen       total 927232K, used 926888K [0x0000000700000000, 0x0000000738980000, 0x00000007aab00000)
  object space 927232K, 99% used [0x0000000700000000,0x000000073892a358,0x0000000738980000)
 Metaspace       used 97081K, committed 98944K, reserved 1179648K
  class space    used 9812K, committed 10688K, reserved 1048576K
}
Event: 177439.739 GC heap after
{Heap after GC invocations=4651 (full 6):
 PSYoungGen      total 9728K, used 352K [0x00000007aab00000, 0x00000007ab580000, 0x0000000800000000)
  eden space 9216K, 0% used [0x00000007aab00000,0x00000007aab00000,0x00000007ab400000)
  from space 512K, 68% used [0x00000007ab500000,0x00000007ab558000,0x00000007ab580000)
  to   space 512K, 0% used [0x00000007ab480000,0x00000007ab480000,0x00000007ab500000)
 ParOldGen       total 927232K, used 927024K [0x0000000700000000, 0x0000000738980000, 0x00000007aab00000)
  object space 927232K, 99% used [0x0000000700000000,0x000000073894c358,0x0000000738980000)
 Metaspace       used 97081K, committed 98944K, reserved 1179648K
  class space    used 9812K, committed 10688K, reserved 1048576K
}
Event: 194896.220 GC heap before
{Heap before GC invocations=4652 (full 6):
 PSYoungGen      total 9728K, used 9567K [0x00000007aab00000, 0x00000007ab580000, 0x0000000800000000)
  eden space 9216K, 99% used [0x00000007aab00000,0x00000007ab3ffff0,0x00000007ab400000)
  from space 512K, 68% used [0x00000007ab500000,0x00000007ab558000,0x00000007ab580000)
  to   space 512K, 0% used [0x00000007ab480000,0x00000007ab480000,0x00000007ab500000)
 ParOldGen       total 927232K, used 927024K [0x0000000700000000, 0x0000000738980000, 0x00000007aab00000)
  object space 927232K, 99% used [0x0000000700000000,0x000000073894c358,0x0000000738980000)
 Metaspace       used 97141K, committed 98944K, reserved 1179648K
  class space    used 9814K, committed 10688K, reserved 1048576K
}
Event: 194896.763 GC heap after
{Heap after GC invocations=4652 (full 6):
 PSYoungGen      total 9728K, used 256K [0x00000007aab00000, 0x00000007ab580000, 0x0000000800000000)
  eden space 9216K, 0% used [0x00000007aab00000,0x00000007aab00000,0x00000007ab400000)
  from space 512K, 50% used [0x00000007ab480000,0x00000007ab4c0000,0x00000007ab500000)
  to   space 512K, 0% used [0x00000007ab500000,0x00000007ab500000,0x00000007ab580000)
 ParOldGen       total 927232K, used 927208K [0x0000000700000000, 0x0000000738980000, 0x00000007aab00000)
  object space 927232K, 99% used [0x0000000700000000,0x000000073897a388,0x0000000738980000)
 Metaspace       used 97141K, committed 98944K, reserved 1179648K
  class space    used 9814K, committed 10688K, reserved 1048576K
}
Event: 212342.282 GC heap before
{Heap before GC invocations=4653 (full 6):
 PSYoungGen      total 9728K, used 9472K [0x00000007aab00000, 0x00000007ab580000, 0x0000000800000000)
  eden space 9216K, 100% used [0x00000007aab00000,0x00000007ab400000,0x00000007ab400000)
  from space 512K, 50% used [0x00000007ab480000,0x00000007ab4c0000,0x00000007ab500000)
  to   space 512K, 0% used [0x00000007ab500000,0x00000007ab500000,0x00000007ab580000)
 ParOldGen       total 927232K, used 927208K [0x0000000700000000, 0x0000000738980000, 0x00000007aab00000)
  object space 927232K, 99% used [0x0000000700000000,0x000000073897a388,0x0000000738980000)
 Metaspace       used 97141K, committed 98944K, reserved 1179648K
  class space    used 9814K, committed 10688K, reserved 1048576K
}
Event: 212342.657 GC heap after
{Heap after GC invocations=4653 (full 6):
 PSYoungGen      total 9728K, used 192K [0x00000007aab00000, 0x00000007ab580000, 0x0000000800000000)
  eden space 9216K, 0% used [0x00000007aab00000,0x00000007aab00000,0x00000007ab400000)
  from space 512K, 37% used [0x00000007ab500000,0x00000007ab530000,0x00000007ab580000)
  to   space 512K, 0% used [0x00000007ab480000,0x00000007ab480000,0x00000007ab500000)
 ParOldGen       total 927744K, used 927240K [0x0000000700000000, 0x0000000738a00000, 0x00000007aab00000)
  object space 927744K, 99% used [0x0000000700000000,0x0000000738982388,0x0000000738a00000)
 Metaspace       used 97141K, committed 98944K, reserved 1179648K
  class space    used 9814K, committed 10688K, reserved 1048576K
}
Event: 242657.404 GC heap before
{Heap before GC invocations=4654 (full 6):
 PSYoungGen      total 9728K, used 9408K [0x00000007aab00000, 0x00000007ab580000, 0x0000000800000000)
  eden space 9216K, 100% used [0x00000007aab00000,0x00000007ab400000,0x00000007ab400000)
  from space 512K, 37% used [0x00000007ab500000,0x00000007ab530000,0x00000007ab580000)
  to   space 512K, 0% used [0x00000007ab480000,0x00000007ab480000,0x00000007ab500000)
 ParOldGen       total 927744K, used 927240K [0x0000000700000000, 0x0000000738a00000, 0x00000007aab00000)
  object space 927744K, 99% used [0x0000000700000000,0x0000000738982388,0x0000000738a00000)
 Metaspace       used 97145K, committed 98944K, reserved 1179648K
  class space    used 9814K, committed 10688K, reserved 1048576K
}
Event: 242657.866 GC heap after
{Heap after GC invocations=4654 (full 6):
 PSYoungGen      total 9728K, used 224K [0x00000007aab00000, 0x00000007ab580000, 0x0000000800000000)
  eden space 9216K, 0% used [0x00000007aab00000,0x00000007aab00000,0x00000007ab400000)
  from space 512K, 43% used [0x00000007ab480000,0x00000007ab4b8000,0x00000007ab500000)
  to   space 512K, 0% used [0x00000007ab500000,0x00000007ab500000,0x00000007ab580000)
 ParOldGen       total 927744K, used 927248K [0x0000000700000000, 0x0000000738a00000, 0x00000007aab00000)
  object space 927744K, 99% used [0x0000000700000000,0x0000000738984388,0x0000000738a00000)
 Metaspace       used 97145K, committed 98944K, reserved 1179648K
  class space    used 9814K, committed 10688K, reserved 1048576K
}
Event: 298221.422 GC heap before
{Heap before GC invocations=4655 (full 6):
 PSYoungGen      total 9728K, used 9440K [0x00000007aab00000, 0x00000007ab580000, 0x0000000800000000)
  eden space 9216K, 100% used [0x00000007aab00000,0x00000007ab400000,0x00000007ab400000)
  from space 512K, 43% used [0x00000007ab480000,0x00000007ab4b8000,0x00000007ab500000)
  to   space 512K, 0% used [0x00000007ab500000,0x00000007ab500000,0x00000007ab580000)
 ParOldGen       total 927744K, used 927248K [0x0000000700000000, 0x0000000738a00000, 0x00000007aab00000)
  object space 927744K, 99% used [0x0000000700000000,0x0000000738984388,0x0000000738a00000)
 Metaspace       used 97145K, committed 98944K, reserved 1179648K
  class space    used 9814K, committed 10688K, reserved 1048576K
}
Event: 298221.894 GC heap after
{Heap after GC invocations=4655 (full 6):
 PSYoungGen      total 9728K, used 192K [0x00000007aab00000, 0x00000007ab580000, 0x0000000800000000)
  eden space 9216K, 0% used [0x00000007aab00000,0x00000007aab00000,0x00000007ab400000)
  from space 512K, 37% used [0x00000007ab500000,0x00000007ab530000,0x00000007ab580000)
  to   space 512K, 0% used [0x00000007ab480000,0x00000007ab480000,0x00000007ab500000)
 ParOldGen       total 927744K, used 927256K [0x0000000700000000, 0x0000000738a00000, 0x00000007aab00000)
  object space 927744K, 99% used [0x0000000700000000,0x0000000738986388,0x0000000738a00000)
 Metaspace       used 97145K, committed 98944K, reserved 1179648K
  class space    used 9814K, committed 10688K, reserved 1048576K
}
Event: 341590.959 GC heap before
{Heap before GC invocations=4656 (full 6):
 PSYoungGen      total 9728K, used 9408K [0x00000007aab00000, 0x00000007ab580000, 0x0000000800000000)
  eden space 9216K, 100% used [0x00000007aab00000,0x00000007ab400000,0x00000007ab400000)
  from space 512K, 37% used [0x00000007ab500000,0x00000007ab530000,0x00000007ab580000)
  to   space 512K, 0% used [0x00000007ab480000,0x00000007ab480000,0x00000007ab500000)
 ParOldGen       total 927744K, used 927256K [0x0000000700000000, 0x0000000738a00000, 0x00000007aab00000)
  object space 927744K, 99% used [0x0000000700000000,0x0000000738986388,0x0000000738a00000)
 Metaspace       used 97145K, committed 98944K, reserved 1179648K
  class space    used 9814K, committed 10688K, reserved 1048576K
}
Event: 341591.123 GC heap after
{Heap after GC invocations=4656 (full 6):
 PSYoungGen      total 9728K, used 160K [0x00000007aab00000, 0x00000007ab580000, 0x0000000800000000)
  eden space 9216K, 0% used [0x00000007aab00000,0x00000007aab00000,0x00000007ab400000)
  from space 512K, 31% used [0x00000007ab480000,0x00000007ab4a8000,0x00000007ab500000)
  to   space 512K, 0% used [0x00000007ab500000,0x00000007ab500000,0x00000007ab580000)
 ParOldGen       total 927744K, used 927288K [0x0000000700000000, 0x0000000738a00000, 0x00000007aab00000)
  object space 927744K, 99% used [0x0000000700000000,0x000000073898e388,0x0000000738a00000)
 Metaspace       used 97145K, committed 98944K, reserved 1179648K
  class space    used 9814K, committed 10688K, reserved 1048576K
}
Event: 341591.956 GC heap before
{Heap before GC invocations=4657 (full 6):
 PSYoungGen      total 9728K, used 9376K [0x00000007aab00000, 0x00000007ab580000, 0x0000000800000000)
  eden space 9216K, 100% used [0x00000007aab00000,0x00000007ab400000,0x00000007ab400000)
  from space 512K, 31% used [0x00000007ab480000,0x00000007ab4a8000,0x00000007ab500000)
  to   space 512K, 0% used [0x00000007ab500000,0x00000007ab500000,0x00000007ab580000)
 ParOldGen       total 927744K, used 927288K [0x0000000700000000, 0x0000000738a00000, 0x00000007aab00000)
  object space 927744K, 99% used [0x0000000700000000,0x000000073898e388,0x0000000738a00000)
 Metaspace       used 97145K, committed 98944K, reserved 1179648K
  class space    used 9814K, committed 10688K, reserved 1048576K
}
Event: 341591.990 GC heap after
{Heap after GC invocations=4657 (full 6):
 PSYoungGen      total 9728K, used 32K [0x00000007aab00000, 0x00000007ab580000, 0x0000000800000000)
  eden space 9216K, 0% used [0x00000007aab00000,0x00000007aab00000,0x00000007ab400000)
  from space 512K, 6% used [0x00000007ab500000,0x00000007ab508000,0x00000007ab580000)
  to   space 512K, 0% used [0x00000007ab480000,0x00000007ab480000,0x00000007ab500000)
 ParOldGen       total 927744K, used 927312K [0x0000000700000000, 0x0000000738a00000, 0x00000007aab00000)
  object space 927744K, 99% used [0x0000000700000000,0x0000000738994388,0x0000000738a00000)
 Metaspace       used 97145K, committed 98944K, reserved 1179648K
  class space    used 9814K, committed 10688K, reserved 1048576K
}
Event: 371270.447 GC heap before
{Heap before GC invocations=4658 (full 6):
 PSYoungGen      total 9728K, used 9248K [0x00000007aab00000, 0x00000007ab580000, 0x0000000800000000)
  eden space 9216K, 100% used [0x00000007aab00000,0x00000007ab400000,0x00000007ab400000)
  from space 512K, 6% used [0x00000007ab500000,0x00000007ab508000,0x00000007ab580000)
  to   space 512K, 0% used [0x00000007ab480000,0x00000007ab480000,0x00000007ab500000)
 ParOldGen       total 927744K, used 927312K [0x0000000700000000, 0x0000000738a00000, 0x00000007aab00000)
  object space 927744K, 99% used [0x0000000700000000,0x0000000738994388,0x0000000738a00000)
 Metaspace       used 97145K, committed 98944K, reserved 1179648K
  class space    used 9814K, committed 10688K, reserved 1048576K
}
Event: 371270.874 GC heap after
{Heap after GC invocations=4658 (full 6):
 PSYoungGen      total 9728K, used 160K [0x00000007aab00000, 0x00000007ab580000, 0x0000000800000000)
  eden space 9216K, 0% used [0x00000007aab00000,0x00000007aab00000,0x00000007ab400000)
  from space 512K, 31% used [0x00000007ab480000,0x00000007ab4a8000,0x00000007ab500000)
  to   space 512K, 0% used [0x00000007ab500000,0x00000007ab500000,0x00000007ab580000)
 ParOldGen       total 927744K, used 927312K [0x0000000700000000, 0x0000000738a00000, 0x00000007aab00000)
  object space 927744K, 99% used [0x0000000700000000,0x0000000738994388,0x0000000738a00000)
 Metaspace       used 97145K, committed 98944K, reserved 1179648K
  class space    used 9814K, committed 10688K, reserved 1048576K
}
Event: 380756.279 GC heap before
{Heap before GC invocations=4659 (full 6):
 PSYoungGen      total 9728K, used 9376K [0x00000007aab00000, 0x00000007ab580000, 0x0000000800000000)
  eden space 9216K, 100% used [0x00000007aab00000,0x00000007ab400000,0x00000007ab400000)
  from space 512K, 31% used [0x00000007ab480000,0x00000007ab4a8000,0x00000007ab500000)
  to   space 512K, 0% used [0x00000007ab500000,0x00000007ab500000,0x00000007ab580000)
 ParOldGen       total 927744K, used 927312K [0x0000000700000000, 0x0000000738a00000, 0x00000007aab00000)
  object space 927744K, 99% used [0x0000000700000000,0x0000000738994388,0x0000000738a00000)
 Metaspace       used 97149K, committed 98944K, reserved 1179648K
  class space    used 9814K, committed 10688K, reserved 1048576K
}
Event: 380756.604 GC heap after
{Heap after GC invocations=4659 (full 6):
 PSYoungGen      total 9728K, used 224K [0x00000007aab00000, 0x00000007ab580000, 0x0000000800000000)
  eden space 9216K, 0% used [0x00000007aab00000,0x00000007aab00000,0x00000007ab400000)
  from space 512K, 43% used [0x00000007ab500000,0x00000007ab538000,0x00000007ab580000)
  to   space 512K, 0% used [0x00000007ab480000,0x00000007ab480000,0x00000007ab500000)
 ParOldGen       total 927744K, used 927336K [0x0000000700000000, 0x0000000738a00000, 0x00000007aab00000)
  object space 927744K, 99% used [0x0000000700000000,0x000000073899a388,0x0000000738a00000)
 Metaspace       used 97149K, committed 98944K, reserved 1179648K
  class space    used 9814K, committed 10688K, reserved 1048576K
}
Event: 421797.575 GC heap before
{Heap before GC invocations=4660 (full 6):
 PSYoungGen      total 9728K, used 9440K [0x00000007aab00000, 0x00000007ab580000, 0x0000000800000000)
  eden space 9216K, 100% used [0x00000007aab00000,0x00000007ab400000,0x00000007ab400000)
  from space 512K, 43% used [0x00000007ab500000,0x00000007ab538000,0x00000007ab580000)
  to   space 512K, 0% used [0x00000007ab480000,0x00000007ab480000,0x00000007ab500000)
 ParOldGen       total 927744K, used 927336K [0x0000000700000000, 0x0000000738a00000, 0x00000007aab00000)
  object space 927744K, 99% used [0x0000000700000000,0x000000073899a388,0x0000000738a00000)
 Metaspace       used 97149K, committed 98944K, reserved 1179648K
  class space    used 9814K, committed 10688K, reserved 1048576K
}
Event: 421798.221 GC heap after
{Heap after GC invocations=4660 (full 6):
 PSYoungGen      total 9728K, used 128K [0x00000007aab00000, 0x00000007ab580000, 0x0000000800000000)
  eden space 9216K, 0% used [0x00000007aab00000,0x00000007aab00000,0x00000007ab400000)
  from space 512K, 25% used [0x00000007ab480000,0x00000007ab4a0000,0x00000007ab500000)
  to   space 512K, 0% used [0x00000007ab500000,0x00000007ab500000,0x00000007ab580000)
 ParOldGen       total 927744K, used 927360K [0x0000000700000000, 0x0000000738a00000, 0x00000007aab00000)
  object space 927744K, 99% used [0x0000000700000000,0x00000007389a0388,0x0000000738a00000)
 Metaspace       used 97149K, committed 98944K, reserved 1179648K
  class space    used 9814K, committed 10688K, reserved 1048576K
}

